Zeitangaben sind Cycles pro Rank

2 Knoten 1 Rank
pi_total: 3.14159165365368897582243334909435
pi_diff: 0.00000099993610414017553011944983
Cycles = 564944689
Cycles = 564224173
2 Knoten 2 Rank
pi_total: 3.14159165365377779366440336161759
pi_diff: 0.00000099993601532233356010692660
Cycles = 593638629
Cycles = 586147057
Cycles = 590910489
Cycles = 597617674
2 Knoten 4 Rank
pi_total: 3.14159165365372272660238195385318
pi_diff: 0.00000099993607038939558151469100
Cycles = 625031144
Cycles = 619826365
Cycles = 614096289
Cycles = 619802700
Cycles = 614636325
Cycles = 610996755
Cycles = 618574950
Cycles = 615758890
2 Knoten 8 Rank
pi_total: 3.14159165365376047418521920917556
pi_diff: 0.00000099993603264181274425936863
Cycles = 647779631
Cycles = 631301299
Cycles = 625805545
Cycles = 676815733
Cycles = 655584892
Cycles = 663482340
Cycles = 634369769
Cycles = 625520070
Cycles = 675773953
Cycles = 633652995
Cycles = 663339382
Cycles = 681510555
Cycles = 673150390
Cycles = 635097381
Cycles = 674676181
Cycles = 691448405
4 Knoten 1 Rank
pi_total: 3.14159165365377779366440336161759
pi_diff: 0.00000099993601532233356010692660
Cycles = 929233398
Cycles = 917808951
Cycles = 564365169
Cycles = 928512782
4 Knoten 2 Rank
pi_total: 3.14159165365372272660238195385318
pi_diff: 0.00000099993607038939558151469100
Cycles = 667150523
Cycles = 650451449
Cycles = 668187696
Cycles = 594975505
Cycles = 668155135
Cycles = 666337111
Cycles = 652614780
Cycles = 596919358
4 Knoten 4 Rank
pi_total: 3.14159165365376047418521920917556
pi_diff: 0.00000099993603264181274425936863
Cycles = 676116974
Cycles = 679787651
Cycles = 686401041
Cycles = 677000354
Cycles = 656731531
Cycles = 689980281
Cycles = 661690948
Cycles = 685042072
Cycles = 603123956
Cycles = 616033724
Cycles = 672524364
Cycles = 610565906
Cycles = 697374301
Cycles = 672323580
Cycles = 689666853
Cycles = 616726828
4 Knoten 8 Rank
pi_total: 3.14159165365378933998385946324561
pi_diff: 0.00000099993600377601410400529858
Cycles = 720329660
Cycles = 709851960
Cycles = 703242351
Cycles = 739719471
Cycles = 734035021
Cycles = 719195684
Cycles = 736942644
Cycles = 690325032
Cycles = 633811820
Cycles = 729692174
Cycles = 685757818
Cycles = 629174261
Cycles = 722281668
Cycles = 711637555
Cycles = 719841516
Cycles = 697481673
Cycles = 662185957
Cycles = 707021171
Cycles = 709111853
Cycles = 640620460
Cycles = 736396138
Cycles = 647972643
Cycles = 724806376
Cycles = 675774822
Cycles = 632894318
Cycles = 743087092
Cycles = 751479910
Cycles = 712574622
Cycles = 745463149
Cycles = 726350459
Cycles = 668355731
Cycles = 734689040
8 Knoten 1 Rank
pi_total: 3.14159165365372272660238195385318
pi_diff: 0.00000099993607038939558151469100
Cycles = 1235071328
Cycles = 1234422427
Cycles = 1220554699
Cycles = 1202802323
Cycles = 565573837
Cycles = 1155532174
Cycles = 1217719785
Cycles = 1217134495
8 Knoten 2 Rank
pi_total: 3.14159165365376047418521920917556
pi_diff: 0.00000099993603264181274425936863
Cycles = 669427888
Cycles = 668467452
Cycles = 670133508
Cycles = 641694085
Cycles = 597495529
Cycles = 597976642
Cycles = 669316776
Cycles = 638711842
Cycles = 670488490
Cycles = 672101553
Cycles = 594897694
Cycles = 665567620
Cycles = 667439034
Cycles = 671063861
Cycles = 670593456
Cycles = 598763661
8 Knoten 4 Rank
pi_total: 3.14159165365378933998385946324561
pi_diff: 0.00000099993600377601410400529858
Cycles = 680626539
Cycles = 678263786
Cycles = 658756228
Cycles = 655339633
Cycles = 649763708
Cycles = 647198640
Cycles = 685845436
Cycles = 681345040
Cycles = 678197533
Cycles = 675042006
Cycles = 682323129
Cycles = 605459580
Cycles = 678868698
Cycles = 601425655
Cycles = 609769996
Cycles = 613314095
Cycles = 605476480
Cycles = 600219855
Cycles = 673503469
Cycles = 684047331
Cycles = 681124522
Cycles = 671915797
Cycles = 686310415
Cycles = 682069286
Cycles = 694746409
Cycles = 682126399
Cycles = 651550490
Cycles = 696508288
Cycles = 623106036
Cycles = 684790785
Cycles = 686216408
Cycles = 617333607
8 Knoten 8 Rank
pi_total: 3.14159165365378356682413141243160
pi_diff: 0.00000099993600954917383205611259
Cycles = 756442433
Cycles = 751516907
Cycles = 725317677
Cycles = 717926474
Cycles = 699563102
Cycles = 673992623
Cycles = 692246939
Cycles = 688356035
Cycles = 680883551
Cycles = 661597965
Cycles = 657449902
Cycles = 729037640
Cycles = 725740835
Cycles = 742314591
Cycles = 716060704
Cycles = 765043984
Cycles = 652629967
Cycles = 762527472
Cycles = 756249116
Cycles = 753126991
Cycles = 747890480
Cycles = 743443969
Cycles = 754054276
Cycles = 675603165
Cycles = 731656154
Cycles = 752355098
Cycles = 773811449
Cycles = 692560330
Cycles = 760267004
Cycles = 741558259
Cycles = 727200609
Cycles = 688061916
Cycles = 756125025
Cycles = 734534342
Cycles = 736736749
Cycles = 661565870
Cycles = 751943238
Cycles = 761583042
Cycles = 767865325
Cycles = 767065664
Cycles = 758964337
Cycles = 762355932
Cycles = 669391661
Cycles = 754843248
Cycles = 733355700
Cycles = 690026339
Cycles = 745188818
Cycles = 738622481
Cycles = 772757721
Cycles = 726097580
Cycles = 677525207
Cycles = 683581354
Cycles = 741967815
Cycles = 731344214
Cycles = 780562444
Cycles = 749652748
Cycles = 703391355
Cycles = 753237611
Cycles = 754671138
Cycles = 778359493
Cycles = 701655250
Cycles = 756950873
Cycles = 745866898
Cycles = 771200278
